
> wb-slate-pro@0.1.0 build
> react-scripts build

Creating an optimized production build...
Compiled with warnings.

[eslint] 
src/App.js
  Line 2:38:    'useCallback' is defined but never used                                                                                                                            no-unused-vars
  Line 24:23:   'Dropdown' is defined but never used                                                                                                                               no-unused-vars
  Line 24:33:   'Dialog' is defined but never used                                                                                                                                 no-unused-vars
  Line 24:41:   'Loader' is defined but never used                                                                                                                                 no-unused-vars
  Line 24:49:   'IconButton' is defined but never used                                                                                                                             no-unused-vars
  Line 67:7:    'getGenreColor' is assigned a value but never used                                                                                                                 no-unused-vars
  Line 173:7:   'autoMapColumns' is assigned a value but never used                                                                                                                no-unused-vars
  Line 208:10:  'settings' is assigned a value but never used                                                                                                                      no-unused-vars
  Line 208:20:  'setSettings' is assigned a value but never used                                                                                                                   no-unused-vars
  Line 227:25:  'setColumnMapping' is assigned a value but never used                                                                                                              no-unused-vars
  Line 229:10:  'autoMapped' is assigned a value but never used                                                                                                                    no-unused-vars
  Line 229:22:  'setAutoMapped' is assigned a value but never used                                                                                                                 no-unused-vars
  Line 351:6:   React Hook useEffect has missing dependencies: 'boardId', 'fetchBoardData', 'isDevMode', and 'loadSampleData'. Either include them or remove the dependency array  react-hooks/exhaustive-deps
  Line 1376:9:  'handleDragMotionStart' is assigned a value but never used                                                                                                         no-unused-vars
  Line 1380:9:  'handleDragMotionEnd' is assigned a value but never used                                                                                                           no-unused-vars

Search for the keywords to learn more about each warning.
To ignore, add // eslint-disable-next-line to the line before.

File sizes after gzip:

  330.02 kB  build/static/js/main.5df2824e.js
  7.48 kB    build/static/css/main.e242c1b9.css
  1.72 kB    build/static/js/206.3550202c.chunk.js

The project was built assuming it is hosted at /.
You can control this with the homepage field in your package.json.

The build folder is ready to be deployed.
You may serve it with a static server:

  npm install -g serve
  serve -s build

Find out more about deployment here:

  https://cra.link/deployment

